Day11/曹磊的作业/Day10/jiguang/build/outputs/logs/manifest-merger-debug-report.txt
-- Merging decision tree log ---
manifest
ADDED from src\main\AndroidManifest.xml:2:1-337:12
INJECTED from src\main\AndroidManifest.xml:2:1-337:12
INJECTED from src\main\AndroidManifest.xml:2:1-337:12
INJECTED from src\main\AndroidManifest.xml:2:1-337:12
INJECTED from src\main\AndroidManifest.xml:2:1-337:12
INJECTED from src\main\AndroidManifest.xml:2:1-337:12
INJECTED from src\main\AndroidManifest.xml:2:1-337:12
	package
		ADDED from src\main\AndroidManifest.xml:4:5-29
		INJECTED from src\main\AndroidManifest.xml
		INJECTED from src\main\AndroidManifest.xml
	android:versionName
		INJECTED from src\main\AndroidManifest.xml
		ADDED from src\main\AndroidManifest.xml:2:1-337:12
		INJECTED from src\main\AndroidManifest.xml
	xmlns:tools
		ADDED from src\main\AndroidManifest.xml:3:5-51
	android:versionCode
		INJECTED from src\main\AndroidManifest.xml
		ADDED from src\main\AndroidManifest.xml:2:1-337:12
		INJECTED from src\main\AndroidManifest.xml
	xmlns:android
		ADDED from src\main\AndroidManifest.xml:2:11-69
permission#${JPUSH_PKGNAME}.permission.JPUSH_MESSAGE
ADDED from src\main\AndroidManifest.xml:7:5-9:47
	android:protectionLevel
		ADDED from src\main\AndroidManifest.xml:9:9-44
	android:name
		ADDED from src\main\AndroidManifest.xml:8:9-65
uses-permission#${JPUSH_PKGNAME}.permission.JPUSH_MESSAGE
ADDED from src\main\AndroidManifest.xml:11:5-81
	android:name
		ADDED from src\main\AndroidManifest.xml:11:22-78
uses-permission#android.permission.RECEIVE_USER_PRESENT
ADDED from src\main\AndroidManifest.xml:12:5-79
	android:name
		ADDED from src\main\AndroidManifest.xml:12:22-76
uses-permission#android.permission.INTERNET
ADDED from src\main\AndroidManifest.xml:13:5-67
	android:name
		ADDED from src\main\AndroidManifest.xml:13:22-64
uses-permission#android.permission.READ_PHONE_STATE
ADDED from src\main\AndroidManifest.xml:14:5-75
	android:name
		ADDED from src\main\AndroidManifest.xml:14:22-72
uses-permission#android.permission.WRITE_EXTERNAL_STORAGE
ADDED from src\main\AndroidManifest.xml:15:5-81
	android:name
		ADDED from src\main\AndroidManifest.xml:15:22-78
uses-permission#android.permission.READ_EXTERNAL_STORAGE
ADDED from src\main\AndroidManifest.xml:16:5-80
	android:name
		ADDED from src\main\AndroidManifest.xml:16:22-77
uses-permission#android.permission.WRITE_SETTINGS
ADDED from src\main\AndroidManifest.xml:17:5-73
	android:name
		ADDED from src\main\AndroidManifest.xml:17:22-70
uses-permission#android.permission.MOUNT_UNMOUNT_FILESYSTEMS
ADDED from src\main\AndroidManifest.xml:18:5-84
	android:name
		ADDED from src\main\AndroidManifest.xml:18:22-81
uses-permission#android.permission.ACCESS_NETWORK_STATE
ADDED from src\main\AndroidManifest.xml:19:5-79
	android:name
		ADDED from src\main\AndroidManifest.xml:19:22-76
uses-permission#android.permission.ACCESS_WIFI_STATE
ADDED from src\main\AndroidManifest.xml:20:5-76
	android:name
		ADDED from src\main\AndroidManifest.xml:20:22-73
uses-permission#com.huawei.android.launcher.permission.CHANGE_BADGE
ADDED from src\main\AndroidManifest.xml:22:5-91
	android:name
		ADDED from src\main\AndroidManifest.xml:22:22-88
uses-permission#android.permission.VIBRATE
ADDED from src\main\AndroidManifest.xml:24:5-66
	android:name
		ADDED from src\main\AndroidManifest.xml:24:22-63
uses-permission#android.permission.SYSTEM_ALERT_WINDOW
ADDED from src\main\AndroidManifest.xml:25:5-78
	android:name
		ADDED from src\main\AndroidManifest.xml:25:22-75
uses-permission#android.permission.ACCESS_COARSE_LOCATION
ADDED from src\main\AndroidManifest.xml:26:5-81
	android:name
		ADDED from src\main\AndroidManifest.xml:26:22-78
uses-permission#android.permission.CHANGE_WIFI_STATE
ADDED from src\main\AndroidManifest.xml:27:5-76
	android:name
		ADDED from src\main\AndroidManifest.xml:27:22-73
uses-permission#android.permission.ACCESS_FINE_LOCATION
ADDED from src\main\AndroidManifest.xml:28:5-79
	android:name
		ADDED from src\main\AndroidManifest.xml:28:22-76
uses-permission#android.permission.ACCESS_BACKGROUND_LOCATION
ADDED from src\main\AndroidManifest.xml:29:5-85
	android:name
		ADDED from src\main\AndroidManifest.xml:29:22-82
uses-permission#android.permission.ACCESS_LOCATION_EXTRA_COMMANDS
ADDED from src\main\AndroidManifest.xml:30:5-89
	android:name
		ADDED from src\main\AndroidManifest.xml:30:22-86
uses-permission#android.permission.CHANGE_NETWORK_STATE
ADDED from src\main\AndroidManifest.xml:31:5-79
	android:name
		ADDED from src\main\AndroidManifest.xml:31:22-76
uses-permission#android.permission.GET_TASKS
ADDED from src\main\AndroidManifest.xml:32:5-67
	android:name
		ADDED from src\main\AndroidManifest.xml:32:22-65
uses-permission#android.permission.QUERY_ALL_PACKAGES
ADDED from src\main\AndroidManifest.xml:33:5-76
	android:name
		ADDED from src\main\AndroidManifest.xml:33:22-74
permission#${applicationId}.permission.MIPUSH_RECEIVE
ADDED from src\main\AndroidManifest.xml:36:5-38:47
	android:protectionLevel
		ADDED from src\main\AndroidManifest.xml:38:9-44
	android:name
		ADDED from src\main\AndroidManifest.xml:37:9-66
uses-permission#${applicationId}.permission.MIPUSH_RECEIVE
ADDED from src\main\AndroidManifest.xml:39:5-82
	android:name
		ADDED from src\main\AndroidManifest.xml:39:22-79
uses-permission#com.coloros.mcs.permission.RECIEVE_MCS_MESSAGE
ADDED from src\main\AndroidManifest.xml:42:5-86
	android:name
		ADDED from src\main\AndroidManifest.xml:42:22-83
uses-permission#com.heytap.mcs.permission.RECIEVE_MCS_MESSAGE
ADDED from src\main\AndroidManifest.xml:43:5-85
	android:name
		ADDED from src\main\AndroidManifest.xml:43:22-82
uses-permission#android.permission.WAKE_LOCK
ADDED from src\main\AndroidManifest.xml:47:5-68
	android:name
		ADDED from src\main\AndroidManifest.xml:47:22-65
uses-permission#android.permission.KILL_BACKGROUND_PROCESSES
ADDED from src\main\AndroidManifest.xml:48:5-84
	android:name
		ADDED from src\main\AndroidManifest.xml:48:22-81
uses-permission#android.permission.MANAGE_ACCOUNTS
ADDED from src\main\AndroidManifest.xml:49:5-74
	android:name
		ADDED from src\main\AndroidManifest.xml:49:22-71
uses-permission#android.permission.GET_ACCOUNTS
ADDED from src\main\AndroidManifest.xml:50:5-71
	android:name
		ADDED from src\main\AndroidManifest.xml:50:22-68
uses-sdk
ADDED from src\main\AndroidManifest.xml:53:5-89:33
INJECTED from src\main\AndroidManifest.xml:53:5-89:33
INJECTED from src\main\AndroidManifest.xml:53:5-89:33
INJECTED from src\main\AndroidManifest.xml:53:5-89:33
INJECTED from src\main\AndroidManifest.xml:53:5-89:33
	tools:overrideLibrary
		ADDED from src\main\AndroidManifest.xml:53:5-89:33
	android:targetSdkVersion
		INJECTED from src\main\AndroidManifest.xml
		ADDED from src\main\AndroidManifest.xml:53:5-89:33
		INJECTED from src\main\AndroidManifest.xml
	android:minSdkVersion
		INJECTED from src\main\AndroidManifest.xml
		ADDED from src\main\AndroidManifest.xml:53:5-89:33
		INJECTED from src\main\AndroidManifest.xml
application
ADDED from src\main\AndroidManifest.xml:91:9-332:19
activity#cn.jpush.android.ui.PopWinActivity
ADDED from src\main\AndroidManifest.xml:98:17-106:20
	android:exported
		ADDED from src\main\AndroidManifest.xml:108:13-36
	android:theme
		ADDED from src\main\AndroidManifest.xml:109:13-60
	android:name
		ADDED from src\main\AndroidManifest.xml:98:25-74
intent-filter#action:name:cn.jpush.android.ui.PopWinActivity+category:name:${JPUSH_PKGNAME}+category:name:android.intent.category.DEFAULT
ADDED from src\main\AndroidManifest.xml:99:17-105:29
category#android.intent.category.DEFAULT
ADDED from src\main\AndroidManifest.xml:100:9-76
	android:name
		ADDED from src\main\AndroidManifest.xml:100:9-76
action#cn.jpush.android.ui.PopWinActivity
ADDED from src\main\AndroidManifest.xml:100:9-102:77
	android:name
		ADDED from src\main\AndroidManifest.xml:101:13-60
category#${JPUSH_PKGNAME}
ADDED from src\main\AndroidManifest.xml:100:9-104:61
	android:name
		ADDED from src\main\AndroidManifest.xml:101:13-60
activity#cn.jpush.android.ui.PushActivity
ADDED from src\main\AndroidManifest.xml:112:9-120:20
	android:exported
		ADDED from src\main\AndroidManifest.xml:114:13-37
	android:configChanges
		ADDED from src\main\AndroidManifest.xml:112:9-120:20
	android:theme
		ADDED from src\main\AndroidManifest.xml:112:9-120:20
	android:name
		ADDED from src\main\AndroidManifest.xml:113:13-70
intent-filter#action:name:cn.jpush.android.ui.PushActivity+category:name:${JPUSH_PKGNAME}+category:name:android.intent.category.DEFAULT
ADDED from src\main\AndroidManifest.xml:112:9-119:29
action#cn.jpush.android.ui.PushActivity
ADDED from src\main\AndroidManifest.xml:115:9-75
	android:name
		ADDED from src\main\AndroidManifest.xml:115:18-80
receiver#cn.jpush.android.service.SchedulerReceiver
ADDED from src\main\AndroidManifest.xml:126:9-40
	android:exported
		ADDED from src\main\AndroidManifest.xml:126:9-40
	android:name
		ADDED from src\main\AndroidManifest.xml:126:9-40
service#cn.jpush.android.service.MessagingIntentService
ADDED from src\main\AndroidManifest.xml:126:9-129:83
	android:name
		ADDED from src\main\AndroidManifest.xml:127:13-68
provider#cn.jpush.android.service.DataProvider
ADDED from src\main\AndroidManifest.xml:135:9-136:43
	android:process
		ADDED from src\main\AndroidManifest.xml:135:9-136:43
	android:authorities
		ADDED from src\main\AndroidManifest.xml:135:9-136:43
	android:exported
		ADDED from src\main\AndroidManifest.xml:135:9-136:43
	android:name
		ADDED from src\main\AndroidManifest.xml:135:9-136:43
provider#cn.jpush.android.service.DownloadProvider
ADDED from src\main\AndroidManifest.xml:140:9-141:39
	android:authorities
		ADDED from src\main\AndroidManifest.xml:140:9-141:39
	android:exported
		ADDED from src\main\AndroidManifest.xml:140:9-141:39
	android:name
		ADDED from src\main\AndroidManifest.xml:141:13-64
activity#cn.jpush.android.service.JNotifyActivity
ADDED from src\main\AndroidManifest.xml:148:17-154:20
	android:exported
		ADDED from src\main\AndroidManifest.xml:157:13-36
	android:theme
		ADDED from src\main\AndroidManifest.xml:148:17-154:20
	android:taskAffinity
		ADDED from src\main\AndroidManifest.xml:148:17-154:20
	android:name
		ADDED from src\main\AndroidManifest.xml:148:25-73
intent-filter#action:name:cn.jpush.android.intent.JNotifyActivity+category:name:${applicationId}
ADDED from src\main\AndroidManifest.xml:149:13-153:29
action#cn.jpush.android.intent.JNotifyActivity
ADDED from src\main\AndroidManifest.xml:150:9-82
	android:name
		ADDED from src\main\AndroidManifest.xml:150:9-82
category#${applicationId}
ADDED from src\main\AndroidManifest.xml:151:9-152:61
	android:name
		ADDED from src\main\AndroidManifest.xml:152:13-66
receiver#cn.jpush.android.asus.AsusPushMessageReceiver
ADDED from src\main\AndroidManifest.xml:156:13-82
	android:name
		ADDED from src\main\AndroidManifest.xml:156:13-82
service#cn.jpush.android.service.PushService
ADDED from src\main\AndroidManifest.xml:166:9-173:19
	android:process
		ADDED from src\main\AndroidManifest.xml:166:9-173:19
	android:enabled
		ADDED from src\main\AndroidManifest.xml:171:13-35
	android:exported
		ADDED from src\main\AndroidManifest.xml:166:9-173:19
	android:name
		ADDED from src\main\AndroidManifest.xml:170:13-65
intent-filter#action:name:cn.jpush.android.intent.PUSH_TIME+action:name:cn.jpush.android.intent.PushService+action:name:cn.jpush.android.intent.REGISTER+action:name:cn.jpush.android.intent.REPORT
ADDED from src\main\AndroidManifest.xml:167:9-172:29
action#cn.jpush.android.intent.REGISTER
ADDED from src\main\AndroidManifest.xml:167:9-168:75
	android:name
		ADDED from src\main\AndroidManifest.xml:168:13-65
action#cn.jpush.android.intent.REPORT
ADDED from src\main\AndroidManifest.xml:169:13-73
	android:name
		ADDED from src\main\AndroidManifest.xml:169:13-73
action#cn.jpush.android.intent.PushService
ADDED from src\main\AndroidManifest.xml:170:17-78
	android:name
		ADDED from src\main\AndroidManifest.xml:170:25-91
action#cn.jpush.android.intent.PUSH_TIME
ADDED from src\main\AndroidManifest.xml:171:13-76
	android:name
		ADDED from src\main\AndroidManifest.xml:171:13-76
service#cn.jpush.android.service.DaemonService
ADDED from src\main\AndroidManifest.xml:179:9-186:19
	android:enabled
		ADDED from src\main\AndroidManifest.xml:189:13-35
	android:exported
		ADDED from src\main\AndroidManifest.xml:182:13-37
	android:name
		ADDED from src\main\AndroidManifest.xml:181:13-66
intent-filter#action:name:cn.jpush.android.intent.DaemonService+category:name:${JPUSH_PKGNAME}
ADDED from src\main\AndroidManifest.xml:180:9-185:29
action#cn.jpush.android.intent.DaemonService
ADDED from src\main\AndroidManifest.xml:182:9-80
	android:name
		ADDED from src\main\AndroidManifest.xml:182:9-80
activity#cn.jpush.android.service.DActivity
ADDED from src\main\AndroidManifest.xml:192:9-199:20
	android:enabled
		ADDED from src\main\AndroidManifest.xml:194:13-35
	android:exported
		ADDED from src\main\AndroidManifest.xml:195:13-36
	android:theme
		ADDED from src\main\AndroidManifest.xml:192:9-199:20
	android:taskAffinity
		ADDED from src\main\AndroidManifest.xml:192:9-199:20
	android:name
		ADDED from src\main\AndroidManifest.xml:193:13-68
intent-filter#action:name:cn.jpush.android.intent.DActivity+category:name:${JPUSH_PKGNAME}
ADDED from src\main\AndroidManifest.xml:192:9-198:29
action#cn.jpush.android.intent.DActivity
ADDED from src\main\AndroidManifest.xml:194:9-195:76
	android:name
		ADDED from src\main\AndroidManifest.xml:195:13-70
receiver#cn.jpush.android.service.PushReceiver
ADDED from src\main\AndroidManifest.xml:203:9-220:20
	android:enabled
		ADDED from src\main\AndroidManifest.xml:203:9-220:20
	android:name
		ADDED from src\main\AndroidManifest.xml:204:13-74
intent-filter#action:name:cn.jpush.android.intent.NOTIFICATION_RECEIVED_PROXY+category:name:${JPUSH_PKGNAME}
ADDED from src\main\AndroidManifest.xml:202:9-208:29
	android:priority
		ADDED from src\main\AndroidManifest.xml:202:9-208:29
action#cn.jpush.android.intent.NOTIFICATION_RECEIVED_PROXY
ADDED from src\main\AndroidManifest.xml:206:17-94
	android:name
		ADDED from src\main\AndroidManifest.xml:206:25-66
intent-filter#action:name:android.intent.action.USER_PRESENT+action:name:android.net.conn.CONNECTIVITY_CHANGE
ADDED from src\main\AndroidManifest.xml:209:13-212:29
action#android.intent.action.USER_PRESENT
ADDED from src\main\AndroidManifest.xml:209:17-210:77
	android:name
		ADDED from src\main\AndroidManifest.xml:209:25-73
action#android.net.conn.CONNECTIVITY_CHANGE
ADDED from src\main\AndroidManifest.xml:211:17-79
	android:name
		ADDED from src\main\AndroidManifest.xml:211:25-73
intent-filter#action:name:android.intent.action.PACKAGE_ADDED+action:name:android.intent.action.PACKAGE_REMOVED+data:scheme:package
ADDED from src\main\AndroidManifest.xml:214:13-219:29
action#android.intent.action.PACKAGE_ADDED
ADDED from src\main\AndroidManifest.xml:214:9-215:78
	android:name
		ADDED from src\main\AndroidManifest.xml:215:13-41
action#android.intent.action.PACKAGE_REMOVED
ADDED from src\main\AndroidManifest.xml:215:9-216:80
	android:name
		ADDED from src\main\AndroidManifest.xml:216:13-40
data
ADDED from src\main\AndroidManifest.xml:218:9-50
	android:scheme
		ADDED from src\main\AndroidManifest.xml:218:9-50
receiver#cn.jpush.android.service.AlarmReceiver
ADDED from src\main\AndroidManifest.xml:221:9-225:40
	android:exported
		ADDED from src\main\AndroidManifest.xml:221:9-225:40
	android:name
		ADDED from src\main\AndroidManifest.xml:221:9-225:40
service#com.xiaomi.push.service.XMJobService
ADDED from src\main\AndroidManifest.xml:233:9-235:43
	android:process
		ADDED from src\main\AndroidManifest.xml:233:9-235:43
	android:enabled
		ADDED from src\main\AndroidManifest.xml:233:9-235:43
	android:exported
		ADDED from src\main\AndroidManifest.xml:233:9-235:43
	android:permission
		ADDED from src\main\AndroidManifest.xml:235:13-77
	android:name
		ADDED from src\main\AndroidManifest.xml:234:13-82
service#com.xiaomi.push.service.XMPushService
ADDED from src\main\AndroidManifest.xml:239:17-43
	android:process
		ADDED from src\main\AndroidManifest.xml:239:17-43
	android:enabled
		ADDED from src\main\AndroidManifest.xml:239:17-43
	android:name
		ADDED from src\main\AndroidManifest.xml:239:25-79
service#com.xiaomi.mipush.sdk.PushMessageHandler
ADDED from src\main\AndroidManifest.xml:242:9-243:39
	android:enabled
		ADDED from src\main\AndroidManifest.xml:242:9-243:39
	android:exported
		ADDED from src\main\AndroidManifest.xml:242:9-243:39
	android:name
		ADDED from src\main\AndroidManifest.xml:243:13-39
service#com.xiaomi.mipush.sdk.MessageHandleService
ADDED from src\main\AndroidManifest.xml:245:9-246:38
	android:enabled
		ADDED from src\main\AndroidManifest.xml:245:9-246:38
	android:name
		ADDED from src\main\AndroidManifest.xml:246:13-38
receiver#com.xiaomi.push.service.receivers.NetworkStatusReceiver
ADDED from src\main\AndroidManifest.xml:248:9-256:20
	android:exported
		ADDED from src\main\AndroidManifest.xml:248:9-256:20
	android:name
		ADDED from src\main\AndroidManifest.xml:249:13-42
intent-filter#action:name:android.net.conn.CONNECTIVITY_CHANGE+category:name:android.intent.category.DEFAULT
ADDED from src\main\AndroidManifest.xml:251:9-255:29
receiver#com.xiaomi.push.service.receivers.PingReceiver
ADDED from src\main\AndroidManifest.xml:259:9-264:20
	android:process
		ADDED from src\main\AndroidManifest.xml:259:9-264:20
	android:exported
		ADDED from src\main\AndroidManifest.xml:261:13-37
	android:name
		ADDED from src\main\AndroidManifest.xml:260:13-69
intent-filter#action:name:com.xiaomi.push.PING_TIMER
ADDED from src\main\AndroidManifest.xml:259:9-263:29
action#com.xiaomi.push.PING_TIMER
ADDED from src\main\AndroidManifest.xml:258:9-262:69
	android:name
		ADDED from src\main\AndroidManifest.xml:259:13-69
receiver#cn.jpush.android.service.PluginXiaomiPlatformsReceiver
ADDED from src\main\AndroidManifest.xml:265:9-277:20
	android:exported
		ADDED from src\main\AndroidManifest.xml:265:9-277:20
	android:name
		ADDED from src\main\AndroidManifest.xml:266:13-48
intent-filter#action:name:com.xiaomi.mipush.RECEIVE_MESSAGE
ADDED from src\main\AndroidManifest.xml:268:9-270:29
action#com.xiaomi.mipush.RECEIVE_MESSAGE
ADDED from src\main\AndroidManifest.xml:268:9-269:76
	android:name
		ADDED from src\main\AndroidManifest.xml:269:13-41
intent-filter#action:name:com.xiaomi.mipush.MESSAGE_ARRIVED
ADDED from src\main\AndroidManifest.xml:270:9-273:29
action#com.xiaomi.mipush.MESSAGE_ARRIVED
ADDED from src\main\AndroidManifest.xml:272:53-76
	android:name
		ADDED from src\main\AndroidManifest.xml:272:53-76
intent-filter#action:name:com.xiaomi.mipush.ERROR
ADDED from src\main\AndroidManifest.xml:272:1-274:29
action#com.xiaomi.mipush.ERROR
ADDED from src\main\AndroidManifest.xml:272:1-274:66
	android:name
		ADDED from src\main\AndroidManifest.xml:272:1-274:66
meta-data#XIAOMI_APPKEY
ADDED from src\main\AndroidManifest.xml:275:1-277:48
	android:value
		ADDED from src\main\AndroidManifest.xml:275:1-277:48
	android:name
		ADDED from src\main\AndroidManifest.xml:275:1-277:48
meta-data#XIAOMI_APPID
ADDED from src\main\AndroidManifest.xml:276:1-278:47
	android:value
		ADDED from src\main\AndroidManifest.xml:276:1-278:47
	android:name
		ADDED from src\main\AndroidManifest.xml:276:1-278:47
service#cn.jpush.android.service.PluginHuaweiPlatformsService
ADDED from src\main\AndroidManifest.xml:279:1-288:19
	android:exported
		ADDED from src\main\AndroidManifest.xml:279:1-288:19
	android:name
		ADDED from src\main\AndroidManifest.xml:279:1-288:19
intent-filter#action:name:com.huawei.push.action.MESSAGING_EVENT
ADDED from src\main\AndroidManifest.xml:281:1-283:29
action#com.huawei.push.action.MESSAGING_EVENT
ADDED from src\main\AndroidManifest.xml:281:1-283:81
	android:name
		ADDED from src\main\AndroidManifest.xml:281:1-283:81
service#cn.jpush.android.service.PluginOppoPushService
ADDED from src\main\AndroidManifest.xml:286:1-298:19
	android:permission
		ADDED from src\main\AndroidManifest.xml:286:1-298:19
	android:name
		ADDED from src\main\AndroidManifest.xml:286:1-298:19
intent-filter#action:name:com.coloros.mcs.action.RECEIVE_MCS_MESSAGE
ADDED from src\main\AndroidManifest.xml:288:53-293:29
action#com.coloros.mcs.action.RECEIVE_MCS_MESSAGE
ADDED from src\main\AndroidManifest.xml:291:1-293:85
	android:name
		ADDED from src\main\AndroidManifest.xml:291:1-293:85
service#com.heytap.msp.push.service.DataMessageCallbackService
ADDED from src\main\AndroidManifest.xml:296:1-310:19
	android:permission
		ADDED from src\main\AndroidManifest.xml:296:1-310:19
	android:name
		ADDED from src\main\AndroidManifest.xml:296:1-310:19
intent-filter#action:name:com.heytap.mcs.action.RECEIVE_MCS_MESSAGE+action:name:com.heytap.msp.push.RECEIVE_MCS_MESSAGE
ADDED from src\main\AndroidManifest.xml:298:53-305:29
action#com.heytap.mcs.action.RECEIVE_MCS_MESSAGE
ADDED from src\main\AndroidManifest.xml:301:1-303:84
	android:name
		ADDED from src\main\AndroidManifest.xml:301:1-303:84
action#com.heytap.msp.push.RECEIVE_MCS_MESSAGE
ADDED from src\main\AndroidManifest.xml:303:1-305:82
	android:name
		ADDED from src\main\AndroidManifest.xml:303:1-305:82
meta-data#OPPO_APPKEY
ADDED from src\main\AndroidManifest.xml:308:1-310:46
	android:value
		ADDED from src\main\AndroidManifest.xml:308:1-310:46
	android:name
		ADDED from src\main\AndroidManifest.xml:308:1-310:46
meta-data#OPPO_APPID
ADDED from src\main\AndroidManifest.xml:309:1-311:45
	android:value
		ADDED from src\main\AndroidManifest.xml:309:1-311:45
	android:name
		ADDED from src\main\AndroidManifest.xml:309:1-311:45
meta-data#OPPO_APPSECRET
ADDED from src\main\AndroidManifest.xml:309:1-311:49
	android:value
		ADDED from src\main\AndroidManifest.xml:309:1-311:49
	android:name
		ADDED from src\main\AndroidManifest.xml:309:1-311:49
receiver#cn.jpush.android.service.PluginVivoMessageReceiver
ADDED from src\main\AndroidManifest.xml:312:1-324:20
	android:name
		ADDED from src\main\AndroidManifest.xml:312:1-324:20
intent-filter#action:name:com.vivo.pushclient.action.RECEIVE
ADDED from src\main\AndroidManifest.xml:314:53-319:29
action#com.vivo.pushclient.action.RECEIVE
ADDED from src\main\AndroidManifest.xml:317:1-319:77
	android:name
		ADDED from src\main\AndroidManifest.xml:317:1-319:77
service#com.vivo.push.sdk.service.CommandClientService
ADDED from src\main\AndroidManifest.xml:322:1-324:39
	android:exported
		ADDED from src\main\AndroidManifest.xml:322:1-324:39
	android:name
		ADDED from src\main\AndroidManifest.xml:322:1-324:39
activity#com.vivo.push.sdk.LinkProxyClientActivity
ADDED from src\main\AndroidManifest.xml:322:1-324:75
	android:screenOrientation
		ADDED from src\main\AndroidManifest.xml:322:1-324:75
	android:exported
		ADDED from src\main\AndroidManifest.xml:322:1-324:75
	android:theme
		ADDED from src\main\AndroidManifest.xml:322:1-324:75
	android:name
		ADDED from src\main\AndroidManifest.xml:322:1-324:75
meta-data#com.vivo.push.api_key
ADDED from src\main\AndroidManifest.xml:322:53-327:46
	android:value
		ADDED from src\main\AndroidManifest.xml:322:53-327:46
	android:name
		ADDED from src\main\AndroidManifest.xml:322:53-327:46
meta-data#com.vivo.push.app_id
ADDED from src\main\AndroidManifest.xml:326:1-328:45
	android:value
		ADDED from src\main\AndroidManifest.xml:326:1-328:45
	android:name
		ADDED from src\main\AndroidManifest.xml:326:1-328:45
meta-data#JPUSH_CHANNEL
ADDED from src\main\AndroidManifest.xml:329:1-331:48
	android:value
		ADDED from src\main\AndroidManifest.xml:329:1-331:48
	android:name
		ADDED from src\main\AndroidManifest.xml:329:1-331:48
meta-data#JPUSH_APPKEY
ADDED from src\main\AndroidManifest.xml:330:1-332:47
	android:value
		ADDED from src\main\AndroidManifest.xml:330:1-332:47
	android:name
		ADDED from src\main\AndroidManifest.xml:330:1-332:47